<?xml version="1.0" encoding="UTF-8"?>
<testng-results ignored="0" total="1" passed="1" failed="0" skipped="0">
  <reporter-output>
  </reporter-output>
  <suite started-at="2020-12-10T00:40:10 IST" name="Default suite" finished-at="2020-12-10T00:40:35 IST" duration-ms="25098">
    <groups>
    </groups>
    <test started-at="2020-12-10T00:40:10 IST" name="Default test" finished-at="2020-12-10T00:40:35 IST" duration-ms="25098">
      <class name="com.revseed.testcases.LoginTestRevseed">
        <test-method is-config="true" signature="setUpSuite()[pri:0, instance:com.revseed.testcases.LoginTestRevseed@65fb9ffc]" started-at="2020-12-10T00:40:10 IST" name="setUpSuite" finished-at="2020-12-10T00:40:10 IST" duration-ms="743" status="PASS">
          <reporter-output>
          </reporter-output>
        </test-method> <!-- setUpSuite -->
        <test-method is-config="true" signature="setup()[pri:0, instance:com.revseed.testcases.LoginTestRevseed@65fb9ffc]" started-at="2020-12-10T00:40:10 IST" name="setup" finished-at="2020-12-10T00:40:28 IST" duration-ms="17237" status="PASS">
          <reporter-output>
          </reporter-output>
        </test-method> <!-- setup -->
        <test-method signature="loginApp()[pri:0, instance:com.revseed.testcases.LoginTestRevseed@65fb9ffc]" started-at="2020-12-10T00:40:28 IST" name="loginApp" finished-at="2020-12-10T00:40:33 IST" duration-ms="5362" status="PASS">
          <reporter-output>
          </reporter-output>
        </test-method> <!-- loginApp -->
        <test-method is-config="true" signature="tearDownMethod(org.testng.ITestResult)[pri:0, instance:com.revseed.testcases.LoginTestRevseed@65fb9ffc]" started-at="2020-12-10T00:40:33 IST" name="tearDownMethod" finished-at="2020-12-10T00:40:34 IST" duration-ms="1342" status="PASS">
          <params>
            <param index="0">
              <value>
                <![CDATA[[TestResult name=loginApp status=SUCCESS method=LoginTestRevseed.loginApp()[pri:0, instance:com.revseed.testcases.LoginTestRevseed@65fb9ffc] output={null}]]]>
              </value>
            </param>
          </params>
          <reporter-output>
          </reporter-output>
        </test-method> <!-- tearDownMethod -->
        <test-method is-config="true" signature="tearDown()[pri:0, instance:com.revseed.testcases.LoginTestRevseed@65fb9ffc]" started-at="2020-12-10T00:40:34 IST" name="tearDown" finished-at="2020-12-10T00:40:35 IST" duration-ms="1069" status="PASS">
          <reporter-output>
          </reporter-output>
        </test-method> <!-- tearDown -->
      </class> <!-- com.revseed.testcases.LoginTestRevseed -->
    </test> <!-- Default test -->
  </suite> <!-- Default suite -->
</testng-results>
